1616296209458	geckodriver	INFO	Listening on 127.0.0.1:52544
1616296212489	mozrunner::runner	INFO	Running command: "C:\\Program Files\\Mozilla Firefox\\firefox.exe" "--marionette" "-foreground" "-no-remote" "-profile" "D:\\我的文档\\环境变量\\TMP\\rust_mozprofileAYcLzZ"
JavaScript error: resource://gre/modules/XULStore.jsm, line 66: Error: Can't find profile directory.
console.warn: SearchSettings: "get: No settings file exists, new profile?" (new Error("", "(unknown module)"))
1616296217321	Marionette	INFO	Listening on port 52555
1616296217695	Marionette	WARN	TLS certificate errors will be ignored for this session
JavaScript error: http://101.133.169.100/yuns/index.php, line 839: ReferenceError: SetRemainTime is not defined
JavaScript error: http://101.133.169.100/yuns/index.php, line 839: ReferenceError: SetRemainTime is not defined
1616296232023	Marionette	INFO	Stopped listening on port 52555

###!!! [Child][RunMessage] Error: Channel closing: too late to send/recv, messages will be lost

1616296233537	geckodriver	INFO	Listening on 127.0.0.1:52647
1616296236573	mozrunner::runner	INFO	Running command: "C:\\Program Files\\Mozilla Firefox\\firefox.exe" "--marionette" "-foreground" "-no-remote" "-profile" "D:\\我的文档\\环境变量\\TMP\\rust_mozprofilegHVMXK"
JavaScript error: resource://gre/modules/XULStore.jsm, line 66: Error: Can't find profile directory.
console.warn: SearchSettings: "get: No settings file exists, new profile?" (new Error("", "(unknown module)"))
1616296241002	Marionette	INFO	Listening on port 52658
1616296241097	Marionette	WARN	TLS certificate errors will be ignored for this session
JavaScript error: http://101.133.169.100/yuns/index.php, line 839: ReferenceError: SetRemainTime is not defined
JavaScript error: http://101.133.169.100/yuns/index.php, line 839: ReferenceError: SetRemainTime is not defined
1616296257984	Marionette	INFO	Stopped listening on port 52658

###!!! [Child][RunMessage] Error: Channel closing: too late to send/recv, messages will be lost

1616296259242	geckodriver	INFO	Listening on 127.0.0.1:52755
1616296262320	mozrunner::runner	INFO	Running command: "C:\\Program Files\\Mozilla Firefox\\firefox.exe" "--marionette" "-foreground" "-no-remote" "-profile" "D:\\我的文档\\环境变量\\TMP\\rust_mozprofileL3Nkfa"
JavaScript error: resource://gre/modules/XULStore.jsm, line 66: Error: Can't find profile directory.
console.warn: SearchSettings: "get: No settings file exists, new profile?" (new Error("", "(unknown module)"))
1616296266693	Marionette	INFO	Listening on port 52766
1616296266727	Marionette	WARN	TLS certificate errors will be ignored for this session
JavaScript error: http://101.133.169.100/yuns/index.php, line 839: ReferenceError: SetRemainTime is not defined
JavaScript error: http://101.133.169.100/yuns/index.php, line 839: ReferenceError: SetRemainTime is not defined
1616296284213	Marionette	INFO	Stopped listening on port 52766

###!!! [Child][RunMessage] Error: Channel closing: too late to send/recv, messages will be lost

1616296285493	geckodriver	INFO	Listening on 127.0.0.1:52864
1616296288511	mozrunner::runner	INFO	Running command: "C:\\Program Files\\Mozilla Firefox\\firefox.exe" "--marionette" "-foreground" "-no-remote" "-profile" "D:\\我的文档\\环境变量\\TMP\\rust_mozprofileD0MeEJ"
JavaScript error: resource://gre/modules/XULStore.jsm, line 66: Error: Can't find profile directory.
console.warn: SearchSettings: "get: No settings file exists, new profile?" (new Error("", "(unknown module)"))
1616296293033	Marionette	INFO	Listening on port 52875
1616296293505	Marionette	WARN	TLS certificate errors will be ignored for this session
JavaScript error: http://101.133.169.100/yuns/index.php, line 839: ReferenceError: SetRemainTime is not defined
JavaScript error: http://101.133.169.100/yuns/index.php, line 839: ReferenceError: SetRemainTime is not defined
1616296310296	Marionette	INFO	Stopped listening on port 52875

###!!! [Child][RunMessage] Error: Channel closing: too late to send/recv, messages will be lost

1616296311633	geckodriver	INFO	Listening on 127.0.0.1:52973
1616296314643	mozrunner::runner	INFO	Running command: "C:\\Program Files\\Mozilla Firefox\\firefox.exe" "--marionette" "-foreground" "-no-remote" "-profile" "D:\\我的文档\\环境变量\\TMP\\rust_mozprofile0hLKk4"
JavaScript error: resource://gre/modules/XULStore.jsm, line 66: Error: Can't find profile directory.
console.warn: SearchSettings: "get: No settings file exists, new profile?" (new Error("", "(unknown module)"))
1616296319370	Marionette	INFO	Listening on port 52989
1616296319631	Marionette	WARN	TLS certificate errors will be ignored for this session
JavaScript error: http://101.133.169.100/yuns/index.php, line 839: ReferenceError: SetRemainTime is not defined
JavaScript error: http://101.133.169.100/yuns/index.php, line 839: ReferenceError: SetRemainTime is not defined
1616296335982	Marionette	INFO	Stopped listening on port 52989

###!!! [Child][RunMessage] Error: Channel closing: too late to send/recv, messages will be lost

1616296337383	geckodriver	INFO	Listening on 127.0.0.1:53082
1616296340397	mozrunner::runner	INFO	Running command: "C:\\Program Files\\Mozilla Firefox\\firefox.exe" "--marionette" "-foreground" "-no-remote" "-profile" "D:\\我的文档\\环境变量\\TMP\\rust_mozprofilej7QNmi"
JavaScript error: resource://gre/modules/XULStore.jsm, line 66: Error: Can't find profile directory.
console.warn: SearchSettings: "get: No settings file exists, new profile?" (new Error("", "(unknown module)"))
1616296344922	Marionette	INFO	Listening on port 53095
1616296345412	Marionette	WARN	TLS certificate errors will be ignored for this session
JavaScript error: http://101.133.169.100/yuns/index.php, line 839: ReferenceError: SetRemainTime is not defined
1616296358113	Marionette	INFO	Stopped listening on port 53095

###!!! [Child][RunMessage] Error: Channel closing: too late to send/recv, messages will be lost

1616296359423	geckodriver	INFO	Listening on 127.0.0.1:53178
1616296362448	mozrunner::runner	INFO	Running command: "C:\\Program Files\\Mozilla Firefox\\firefox.exe" "--marionette" "-foreground" "-no-remote" "-profile" "D:\\我的文档\\环境变量\\TMP\\rust_mozprofilem2DeGT"
JavaScript error: resource://gre/modules/XULStore.jsm, line 66: Error: Can't find profile directory.
console.warn: SearchSettings: "get: No settings file exists, new profile?" (new Error("", "(unknown module)"))
1616296366743	Marionette	INFO	Listening on port 53188
1616296366861	Marionette	WARN	TLS certificate errors will be ignored for this session
JavaScript error: http://101.133.169.100/yuns/index.php, line 839: ReferenceError: SetRemainTime is not defined
JavaScript error: http://101.133.169.100/yuns/index.php, line 839: ReferenceError: SetRemainTime is not defined
1616296381107	Marionette	INFO	Stopped listening on port 53188

###!!! [Child][RunMessage] Error: Channel closing: too late to send/recv, messages will be lost

1616296382452	geckodriver	INFO	Listening on 127.0.0.1:53276
1616296385502	mozrunner::runner	INFO	Running command: "C:\\Program Files\\Mozilla Firefox\\firefox.exe" "--marionette" "-foreground" "-no-remote" "-profile" "D:\\我的文档\\环境变量\\TMP\\rust_mozprofileQ6we5C"
JavaScript error: resource://gre/modules/XULStore.jsm, line 66: Error: Can't find profile directory.
console.warn: SearchSettings: "get: No settings file exists, new profile?" (new Error("", "(unknown module)"))
1616296389853	Marionette	INFO	Listening on port 53289
1616296389918	Marionette	WARN	TLS certificate errors will be ignored for this session
JavaScript error: http://101.133.169.100/yuns/index.php, line 839: ReferenceError: SetRemainTime is not defined
JavaScript error: http://101.133.169.100/yuns/index.php, line 839: ReferenceError: SetRemainTime is not defined
1616296411298	Marionette	INFO	Stopped listening on port 53289

###!!! [Child][RunMessage] Error: Channel closing: too late to send/recv, messages will be lost

1616296412639	geckodriver	INFO	Listening on 127.0.0.1:53386
1616296415679	mozrunner::runner	INFO	Running command: "C:\\Program Files\\Mozilla Firefox\\firefox.exe" "--marionette" "-foreground" "-no-remote" "-profile" "D:\\我的文档\\环境变量\\TMP\\rust_mozprofilepDY6gv"
JavaScript error: resource://gre/modules/XULStore.jsm, line 66: Error: Can't find profile directory.
console.warn: SearchSettings: "get: No settings file exists, new profile?" (new Error("", "(unknown module)"))
1616296420038	Marionette	INFO	Listening on port 53398
1616296420187	Marionette	WARN	TLS certificate errors will be ignored for this session
JavaScript error: http://101.133.169.100/yuns/index.php, line 839: ReferenceError: SetRemainTime is not defined
1616296428889	Marionette	INFO	Stopped listening on port 53398

###!!! [Child][RunMessage] Error: Channel closing: too late to send/recv, messages will be lost

1616296432340	geckodriver	INFO	Listening on 127.0.0.1:53479
1616296435369	mozrunner::runner	INFO	Running command: "C:\\Program Files\\Mozilla Firefox\\firefox.exe" "--marionette" "-foreground" "-no-remote" "-profile" "D:\\我的文档\\环境变量\\TMP\\rust_mozprofileE7vD9p"
JavaScript error: resource://gre/modules/XULStore.jsm, line 66: Error: Can't find profile directory.
console.warn: SearchSettings: "get: No settings file exists, new profile?" (new Error("", "(unknown module)"))
1616296439947	Marionette	INFO	Listening on port 53490
1616296440065	Marionette	WARN	TLS certificate errors will be ignored for this session
JavaScript error: http://101.133.169.100/yuns/index.php, line 839: ReferenceError: SetRemainTime is not defined
1616296452888	Marionette	INFO	Stopped listening on port 53490

###!!! [Child][RunMessage] Error: Channel closing: too late to send/recv, messages will be lost

1616296454231	geckodriver	INFO	Listening on 127.0.0.1:53580
1616296457276	mozrunner::runner	INFO	Running command: "C:\\Program Files\\Mozilla Firefox\\firefox.exe" "--marionette" "-foreground" "-no-remote" "-profile" "D:\\我的文档\\环境变量\\TMP\\rust_mozprofileNbMxjo"
JavaScript error: resource://gre/modules/XULStore.jsm, line 66: Error: Can't find profile directory.
console.warn: SearchSettings: "get: No settings file exists, new profile?" (new Error("", "(unknown module)"))
1616296461777	Marionette	INFO	Listening on port 53590
1616296461804	Marionette	WARN	TLS certificate errors will be ignored for this session
JavaScript error: http://101.133.169.100/yuns/index.php, line 839: ReferenceError: SetRemainTime is not defined
1616296471506	Marionette	INFO	Stopped listening on port 53590

###!!! [Child][RunMessage] Error: Channel closing: too late to send/recv, messages will be lost

1616300834898	geckodriver	INFO	Listening on 127.0.0.1:59215
1616300837925	mozrunner::runner	INFO	Running command: "C:\\Program Files\\Mozilla Firefox\\firefox.exe" "--marionette" "-foreground" "-no-remote" "-profile" "D:\\我的文档\\环境变量\\TMP\\rust_mozprofileRMPOkh"
JavaScript error: resource://gre/modules/XULStore.jsm, line 66: Error: Can't find profile directory.
console.warn: SearchSettings: "get: No settings file exists, new profile?" (new Error("", "(unknown module)"))
1616300842168	Marionette	INFO	Listening on port 59223
1616300842327	Marionette	WARN	TLS certificate errors will be ignored for this session
JavaScript error: http://101.133.169.100/yuns/index.php, line 839: ReferenceError: SetRemainTime is not defined
JavaScript error: http://101.133.169.100/yuns/index.php, line 839: ReferenceError: SetRemainTime is not defined
1616300857380	Marionette	INFO	Stopped listening on port 59223

###!!! [Child][RunMessage] Error: Channel closing: too late to send/recv, messages will be lost

1616909931666	geckodriver	INFO	Listening on 127.0.0.1:63420
1616909934674	mozrunner::runner	INFO	Running command: "C:\\Program Files\\Mozilla Firefox\\firefox.exe" "--marionette" "-foreground" "-no-remote" "-profile" "D:\\我的文档\\环境变量\\TMP\\rust_mozprofileKXYpCv"
1616909935962	Marionette	INFO	Marionette enabled
JavaScript error: resource://gre/modules/XULStore.jsm, line 66: Error: Can't find profile directory.
console.warn: SearchSettings: "get: No settings file exists, new profile?" (new Error("", "(unknown module)"))
1616909939043	Marionette	INFO	Listening on port 63428
1616909939092	Marionette	WARN	TLS certificate errors will be ignored for this session
JavaScript error: http://101.133.169.100/yuns/index.php, line 839: ReferenceError: SetRemainTime is not defined
JavaScript error: http://101.133.169.100/yuns/index.php, line 839: ReferenceError: SetRemainTime is not defined
1616909961901	Marionette	INFO	Stopped listening on port 63428

###!!! [Child][RunMessage] Error: Channel closing: too late to send/recv, messages will be lost


###!!! [Child][RunMessage] Error: Channel closing: too late to send/recv, messages will be lost

1616909962972	geckodriver	INFO	Listening on 127.0.0.1:63500
1616909966012	mozrunner::runner	INFO	Running command: "C:\\Program Files\\Mozilla Firefox\\firefox.exe" "--marionette" "-foreground" "-no-remote" "-profile" "D:\\我的文档\\环境变量\\TMP\\rust_mozprofile4051tD"
1616909967261	Marionette	INFO	Marionette enabled
JavaScript error: resource://gre/modules/XULStore.jsm, line 66: Error: Can't find profile directory.
console.warn: SearchSettings: "get: No settings file exists, new profile?" (new Error("", "(unknown module)"))
1616909970337	Marionette	INFO	Listening on port 63508
1616909970468	Marionette	WARN	TLS certificate errors will be ignored for this session
JavaScript error: http://101.133.169.100/yuns/index.php, line 839: ReferenceError: SetRemainTime is not defined
console.error: services.settings: 
  main/whats-new-panel Signature failed  TypeError: NetworkError when attempting to fetch resource.
[Parent 3092, IPC I/O Parent] WARNING: file /builds/worker/checkouts/gecko/ipc/chromium/src/base/process_util_win.cc:167
[Parent 3092, IPC I/O Parent] WARNING: file /builds/worker/checkouts/gecko/ipc/chromium/src/base/process_util_win.cc:167
1616909973745	Marionette	INFO	Stopped listening on port 63508

###!!! [Child][RunMessage] Error: Channel closing: too late to send/recv, messages will be lost

1616909977689	geckodriver	INFO	Listening on 127.0.0.1:63562
1616909980716	mozrunner::runner	INFO	Running command: "C:\\Program Files\\Mozilla Firefox\\firefox.exe" "--marionette" "-foreground" "-no-remote" "-profile" "D:\\我的文档\\环境变量\\TMP\\rust_mozprofile7UQgsw"
1616909982048	Marionette	INFO	Marionette enabled
JavaScript error: resource://gre/modules/XULStore.jsm, line 66: Error: Can't find profile directory.
console.warn: SearchSettings: "get: No settings file exists, new profile?" (new Error("", "(unknown module)"))
1616909985138	Marionette	INFO	Listening on port 63570
1616909985259	Marionette	WARN	TLS certificate errors will be ignored for this session
JavaScript error: http://101.133.169.100/yuns/index.php, line 839: ReferenceError: SetRemainTime is not defined
JavaScript error: http://101.133.169.100/yuns/index.php, line 839: ReferenceError: SetRemainTime is not defined
1616910007410	Marionette	INFO	Stopped listening on port 63570

###!!! [Child][RunMessage] Error: Channel closing: too late to send/recv, messages will be lost


###!!! [Child][RunMessage] Error: Channel closing: too late to send/recv, messages will be lost

1616910008473	geckodriver	INFO	Listening on 127.0.0.1:63645
1616910011480	mozrunner::runner	INFO	Running command: "C:\\Program Files\\Mozilla Firefox\\firefox.exe" "--marionette" "-foreground" "-no-remote" "-profile" "D:\\我的文档\\环境变量\\TMP\\rust_mozprofileHv5suv"
1616910012685	Marionette	INFO	Marionette enabled
JavaScript error: resource://gre/modules/XULStore.jsm, line 66: Error: Can't find profile directory.
console.warn: SearchSettings: "get: No settings file exists, new profile?" (new Error("", "(unknown module)"))
1616910015798	Marionette	INFO	Listening on port 63653
1616910015913	Marionette	WARN	TLS certificate errors will be ignored for this session
JavaScript error: http://101.133.169.100/yuns/index.php, line 839: ReferenceError: SetRemainTime is not defined
JavaScript error: http://101.133.169.100/yuns/index.php, line 839: ReferenceError: SetRemainTime is not defined
1616910034937	Marionette	INFO	Stopped listening on port 63653
[Parent 11280, IPC I/O Parent] WARNING: file /builds/worker/checkouts/gecko/ipc/chromium/src/base/process_util_win.cc:167

###!!! [Child][RunMessage] Error: Channel closing: too late to send/recv, messages will be lost


###!!! [Child][RunMessage] Error: Channel closing: too late to send/recv, messages will be lost

e?" (new Error("", "(unknown module)"))
1616910029871	Marionette	INFO	Listening on port 63733
1616910030370	Marionette	WARN	TLS certificate errors will be ignored for this session
JavaScript error: http://101.133.169.100/yuns/index.php, line 839: ReferenceError: SetRemainTime is not defined
JavaScript error: http://101.133.169.100/yuns/index.php, line 839: ReferenceError: SetRemainTime is not defined
1616910047069	Marionette	INFO	Stopped listening on port 63733

###!!! [Child][RunMessage] Error: Channel closing: too late to send/recv, messages will be lost


###!!! [Child][RunMessage] Error: Channel closing: too late to send/recv, messages will be lost

jsm, line 66: Error: Can't find profile directory.
console.warn: SearchSettings: "get: No settings file exists, new profile?" (new Error("", "(unknown module)"))
1616910047466	Marionette	INFO	Listening on port 63826
1616910047980	Marionette	WARN	TLS certificate errors will be ignored for this session
1616910049451	geckodriver	INFO	Listening on 127.0.0.1:63859
1616910052420	mozrunner::runner	INFO	Running command:JavaScript error: http://101.133.169.100/yuns/index.php, line 839: ReferenceError: SetRemainTime is not defined
1616910066368	Marionette	INFO	Stopped listening on port 63826

###!!! [Child][RunMessage] Error: Channel closing: too late to send/recv, messages will be lost

: Error: Can't find profile directory.
console.warn: SearchSettings: "get: No settings file exists, new profile?" (new Error("", "(unknown module)"))
1616910058932	Marionette	INFO	Listening on port 63893
1616910059189	Marionette	WARN	TLS certificate errors will be ignored for this session
JavaScript error: http://101.133.169.100/yuns/index.php, line 839: ReferenceError: SetRemainTime is not defined
JavaScript error: http://101.133.169.100/yuns/index.php, lin1616910071098	mozrunner::runner	INFO	Running command:1616910077149	Marionette	INFO	Stopped listening on port 63893

###!!! [Child][RunMessage] Error: Channel closing: too late to send/recv, messages will be lost


###!!! [Child][RunMessage] Error: Channel closing: too late to send/recv, messages will be lost

jsm, line 66: Error: Can't find profile directory.
console.warn: SearchSettings: "get: No settings file exists, new profile?" (new Error("", "(unknown module)"))
1616910076875	Marionette	INFO	Listening on port 64010
1616910077302	Marionette	WARN	TLS certificate errors will be ignored for this session
JavaScript error: http://101.133.169.100/yuns/index.php, line 839: ReferenceError: SetRemainTime is not defined
1616910088834	Marionette	INFO	Stopped listening on port 64010
[Parent 10272, IPC I/O Parent] WARNING: file /builds/worker/checkouts/gecko/ipc/chromium/src/base/process_util_win.cc:167

###!!! [Child][RunMessage] Error: Channel closing: too late to send/recv, messages will be lost

5924	Marionette	INFO	Marionette enabled
JavaScript error: resource://gre/modules/XULStore.jsm, line 66: Error: Can't find profile directory.
console.warn: SearchSettings: "get: No settings file exists, new profile?" (new Error("", "(unknown module)"))
1616910090716	geckodriver	INFO	Listening on 127.0.0.1:64133
1616910093699	mozrunner::runner	INFO	Running command: "C:\\Program Files\\Mozilla Firefox\\firefox.exe" "--marionette" "-foreground" "-no-remote" "-profile" "D:\\我的文档\\环境变量\\TMP\\rust_mozprofileWPIair"
1616910095277	Marionette	INFO	Marionette enabled
JavaScript error: resource://gre/modules/XULStore.jsm, line 66: Error: Can't find profile directory.
console.warn: SearchSettings: "get: No settings file exists, new profile?" (new Error("", "(unknown module)"))
1616910099097	Marionette	INFO	Listening on port 64165
1616910099228	Marionette	WARN	TLS certificate errors will be ignored for this session
console.warn: services.settings: main/partitioning-exempt-urls sync interrupted by shutdown
console.error: Region.jsm: "Error fetching region" (new TypeError("NetworkError when attempting to fetch resource.", ""))
console.error: Region.jsm: "Failed to fetch region" (new Error("NO_RESULT", "resource://gre/modules/Region.jsm", 419))
1616910100843	Marionette	INFO	Stopped listening on port 64165

###!!! [Child][RunMessage] Error: Channel closing: too late to send/recv, messages will be lost


###!!! [Child][RunMessage] Error: Channel closing: too late to send/recv, messages will be lost

ame=PContent::Msg_AsyncMessage) Channel error: cannot send/recv


###!!! [Parent][MessageChannel] Error: (msgtype=0x3A0144,name=PContent::Msg_AsyncMessage) Channel error: cannot send/recv


###!!! [Parent][MessageChannel] Error: (msgtype=0x3A0144,name=PContent::Msg_AsyncMessage) Channel error: cannot send/recv

1616910100851	geckodriver	INFO	Listening on 127.0.0.1:64208
1616910103896	mozrunner::runner	INFO	Running command: "C:\\Program Files\\Mozilla Firefox\\firefox.exe" "--marionette" "-foreground" "-no-remote" "-profile" "D:\\我的文档\\环境变量\\TMP\\rust_mozprofile72J93p"
1616910105504	Marionette	INFO	Marionette enabled
JavaScript error: resource://gre/modules/XULStore.jsm, line 66: Error: Can't find profile directory.
console.warn: SearchSettings: "get: No settings file exists, new profile?" (new Error("", "(unknown module)"))
1616910109292	Marionette	INFO	Listening on port 64216
1616910109453	Marionette	WARN	TLS certificate errors will be ignored for this session
[Child 8740, IPC I/O Child] WARNING: pipe error: 232: file /builds/worker/checkouts/gecko/ipc/chromium/src/chrome/common/ipc_channel_win.cc:544
[Child 8740, IPC I/O Child] WARNING: pipe error: 232: file /builds/worker/checkouts/gecko/ipc/chromium/src/chrome/common/ipc_channel_win.cc:544
console.warn: services.settings: main/fxmonitor-breaches sync interrupted by shutdown
1616910110943	geckodriver	INFO	Listening on 127.0.0.1:64261
1616910113979	mozrunner::runner	INFO	Running command: "C:\\Program Files\\Mozilla Firefox\\firefox.exe" "--marionette" "-foreground" "-no-remote" "-profile" "D:\\我的文档\\环境变量\\TMP\\rust_mozprofileXLjksS"
1616910115583	Marionette	INFO	Marionette enabled
JavaScript error: resource://gre/modules/XULStore.jsm, line 66: Error: Can't find profile directory.
console.warn: SearchSettings: "get: No settings file exists, new profile?" (new Error("", "(unknown module)"))
console.error: Region.jsm: "Error fetching region" (new TypeError("NetworkError when attempting to fetch resource.", ""))
console.error: Region.jsm: "Failed to fetch region" (new Error("NO_RESULT", "resource://gre/modules/Region.jsm", 419))

###!!! [Child][RunMessage] Error: Channel closing: too late to send/recv, messages will be lost


###!!! [Child][RunMessage] Error: Channel closing: too late to send/recv, messages will be lost

1616910121260	geckodriver	INFO	Listening on 127.0.0.1:64295
1616910124285	mozrunner::runner	INFO	Running command: "C:\\Program Files\\Mozilla Firefox\\firefox.exe" "--marionette" "-foreground" "-no-remote" "-profile" "D:\\我的文档\\环境变量\\TMP\\rust_mozprofileS8TBzc"
1616910125890	Marionette	INFO	Marionette enabled
JavaScript error: resource://gre/modules/XULStore.jsm, line 66: Error: Can't find profile directory.
console.warn: SearchSettings: "get: No settings file exists, new profile?" (new Error("", "(unknown module)"))
1616910129415	Marionette	INFO	Listening on port 64304
1616910129880	Marionette	WARN	TLS certificate errors will be ignored for this session
JavaScript error: http://101.133.169.100/yuns/index.php, line 839: ReferenceError: SetRemainTime is not defined
1616910143100	Marionette	INFO	Stopped listening on port 64304

###!!! [Child][RunMessage] Error: Channel closing: too late to send/recv, messages will be lost

1616910144156	geckodriver	INFO	Listening on 127.0.0.1:64382
1616910147186	mozrunner::runner	INFO	Running command: "C:\\Program Files\\Mozilla Firefox\\firefox.exe" "--marionette" "-foreground" "-no-remote" "-profile" "D:\\我的文档\\环境变量\\TMP\\rust_mozprofilez66vZo"
1616910148459	Marionette	INFO	Marionette enabled
JavaScript error: resource://gre/modules/XULStore.jsm, line 66: Error: Can't find profile directory.
console.warn: SearchSettings: "get: No settings file exists, new profile?" (new Error("", "(unknown module)"))
1616910151872	Marionette	INFO	Listening on port 64392
console.warn: services.settings: main/message-groups sync interrupted by shutdown
1616910152314	Marionette	WARN	TLS certificate errors will be ignored for this session
console.error: services.settings: 
  main/fxmonitor-breaches Signature failed  TypeError: NetworkError when attempting to fetch resource.
JavaScript error: chrome://marionette/content/driver.js, line 2338: NS_ERROR_FAILURE: Component returned failure code: 0x80004005 (NS_ERROR_FAILURE) [nsIObserverService.removeObserver]
1616910152572	Marionette	INFO	Stopped listening on port 64392

###!!! [Child][RunMessage] Error: Channel closing: too late to send/recv, messages will be lost


###!!! [Child][RunMessage] Error: Channel closing: too late to send/recv, messages will be lost

1616910221117	geckodriver	INFO	Listening on 127.0.0.1:64440
1616910224140	mozrunner::runner	INFO	Running command: "C:\\Program Files\\Mozilla Firefox\\firefox.exe" "--marionette" "-foreground" "-no-remote" "-profile" "D:\\我的文档\\环境变量\\TMP\\rust_mozprofileewKWPB"
1616910225434	Marionette	INFO	Marionette enabled
JavaScript error: resource://gre/modules/XULStore.jsm, line 66: Error: Can't find profile directory.
console.warn: SearchSettings: "get: No settings file exists, new profile?" (new Error("", "(unknown module)"))
1616910228519	Marionette	INFO	Listening on port 64448
1616910228549	Marionette	WARN	TLS certificate errors will be ignored for this session
JavaScript error: http://101.133.169.100/yuns/index.php, line 839: ReferenceError: SetRemainTime is not defined
JavaScript error: http://101.133.169.100/yuns/index.php, line 839: ReferenceError: SetRemainTime is not defined
1616910243615	Marionette	INFO	Stopped listening on port 64448

###!!! [Child][RunMessage] Error: Channel closing: too late to send/recv, messages will be lost


###!!! [Child][RunMessage] Error: Channel closing: too late to send/recv, messages will be lost

1616910245033	geckodriver	INFO	Listening on 127.0.0.1:64519
1616910248043	mozrunner::runner	INFO	Running command: "C:\\Program Files\\Mozilla Firefox\\firefox.exe" "--marionette" "-foreground" "-no-remote" "-profile" "D:\\我的文档\\环境变量\\TMP\\rust_mozprofilezKuRXv"
1616910249611	Marionette	INFO	Marionette enabled
JavaScript error: resource://gre/modules/XULStore.jsm, line 66: Error: Can't find profile directory.
console.warn: SearchSettings: "get: No settings file exists, new profile?" (new Error("", "(unknown module)"))
1616910253101	Marionette	INFO	Listening on port 64527
1616910253619	Marionette	WARN	TLS certificate errors will be ignored for this session
JavaScript error: http://101.133.169.100/yuns/index.php, line 839: ReferenceError: SetRemainTime is not defined
JavaScript error: http://101.133.169.100/yuns/index.php, line 839: ReferenceError: SetRemainTime is not defined
1616910270120	Marionette	INFO	Stopped listening on port 64527

###!!! [Child][RunMessage] Error: Channel closing: too late to send/recv, messages will be lost


###!!! [Child][RunMessage] Error: Channel closing: too late to send/recv, messages will be lost

1616910271503	geckodriver	INFO	Listening on 127.0.0.1:64611
1616910274519	mozrunner::runner	INFO	Running command: "C:\\Program Files\\Mozilla Firefox\\firefox.exe" "--marionette" "-foreground" "-no-remote" "-profile" "D:\\我的文档\\环境变量\\TMP\\rust_mozprofilei4KvAV"
1616910276183	Marionette	INFO	Marionette enabled
JavaScript error: resource://gre/modules/XULStore.jsm, line 66: Error: Can't find profile directory.
console.warn: SearchSettings: "get: No settings file exists, new profile?" (new Error("", "(unknown module)"))
1616910280186	Marionette	INFO	Listening on port 64619
1616910280676	Marionette	WARN	TLS certificate errors will be ignored for this session
JavaScript error: http://101.133.169.100/yuns/index.php, line 839: ReferenceError: SetRemainTime is not defined
JavaScript error: http://101.133.169.100/yuns/index.php, line 839: ReferenceError: SetRemainTime is not defined
A content process crashed and MOZ_CRASHREPORTER_SHUTDOWN is set, shutting down

###!!! [Parent][MessageChannel] Error: (msgtype=0x3A0144,name=PContent::Msg_AsyncMessage) Channel error: cannot send/recv


###!!! [Parent][MessageChannel] Error: (msgtype=0x3A0144,name=PContent::Msg_AsyncMessage) Channel error: cannot send/recv


###!!! [Parent][MessageChannel] Error: (msgtype=0x3A0144,name=PContent::Msg_AsyncMessage) Channel error: cannot send/recv


###!!! [Parent][MessageChannel] Error: (msgtype=0x3A0144,name=PContent::Msg_AsyncMessage) Channel error: cannot send/recv


###!!! [Parent][MessageChannel] Error: (msgtype=0x3A0144,name=PContent::Msg_AsyncMessage) Channel error: cannot send/recv


###!!! [Parent][MessageChannel] Error: (msgtype=0x3A0144,name=PContent::Msg_AsyncMessage) Channel error: cannot send/recv


###!!! [Parent][MessageChannel] Error: (msgtype=0x3A001E,name=PContent::Msg_RegisterChromeItem) Channel error: cannot send/recv


###!!! [Parent][MessageChannel] Error: (msgtype=0x3A001E,name=PContent::Msg_RegisterChromeItem) Channel error: cannot send/recv


###!!! [Parent][MessageChannel] Error: (msgtype=0x230052,name=PBrowser::Msg_FlushTabState) Channel error: cannot send/recv


###!!! [Parent][MessageChannel] Error: (msgtype=0x23009C,name=PBrowser::Msg_Destroy) Channel error: cannot send/recv


###!!! [Parent][MessageChannel] Error: (msgtype=0x3A0144,name=PContent::Msg_AsyncMessage) Channel error: cannot send/recv


###!!! [Parent][MessageChannel] Error: (msgtype=0x3A0144,name=PContent::Msg_AsyncMessage) Channel error: cannot send/recv


###!!! [Parent][MessageChannel] Error: (msgtype=0x3A0144,name=PContent::Msg_AsyncMessage) Channel error: cannot send/recv


###!!! [Parent][MessageChannel] Error: (msgtype=0x3A0144,name=PContent::Msg_AsyncMessage) Channel error: cannot send/recv


###!!! [Parent][MessageChannel] Error: (msgtype=0x230052,name=PBrowser::Msg_FlushTabState) Channel error: cannot send/recv


###!!! [Parent][MessageChannel] Error: (msgtype=0x23009C,name=PBrowser::Msg_Destroy) Channel error: cannot send/recv


###!!! [Parent][MessageChannel] Error: (msgtype=0x3A0144,name=PContent::Msg_AsyncMessage) Channel error: cannot send/recv


###!!! [Parent][MessageChannel] Error: (msgtype=0x3A0144,name=PContent::Msg_AsyncMessage) Channel error: cannot send/recv


###!!! [Parent][MessageChannel] Error: (msgtype=0x3A0144,name=PContent::Msg_AsyncMessage) Channel error: cannot send/recv


###!!! [Parent][MessageChannel] Error: (msgtype=0x3A0144,name=PContent::Msg_AsyncMessage) Channel error: cannot send/recv


###!!! [Parent][MessageChannel] Error: (msgtype=0x230052,name=PBrowser::Msg_FlushTabState) Channel error: cannot send/recv


###!!! [Parent][MessageChannel] Error: (msgtype=0x23009C,name=PBrowser::Msg_Destroy) Channel error: cannot send/recv


###!!! [Parent][MessageChannel] Error: (msgtype=0x3A0144,name=PContent::Msg_AsyncMessage) Channel error: cannot send/recv


###!!! [Parent][MessageChannel] Error: (msgtype=0x3A0144,name=PContent::Msg_AsyncMessage) Channel error: cannot send/recv


###!!! [Parent][MessageChannel] Error: (msgtype=0x3A0144,name=PContent::Msg_AsyncMessage) Channel error: cannot send/recv


###!!! [Parent][MessageChannel] Error: (msgtype=0x3A0144,name=PContent::Msg_AsyncMessage) Channel error: cannot send/recv


###!!! [Parent][MessageChannel] Error: (msgtype=0x230052,name=PBrowser::Msg_FlushTabState) Channel error: cannot send/recv


###!!! [Parent][MessageChannel] Error: (msgtype=0x23009C,name=PBrowser::Msg_Destroy) Channel error: cannot send/recv


###!!! [Parent][MessageChannel] Error: (msgtype=0x3A0144,name=PContent::Msg_AsyncMessage) Channel error: cannot send/recv


###!!! [Parent][MessageChannel] Error: (msgtype=0x3A0144,name=PContent::Msg_AsyncMessage) Channel error: cannot send/recv


###!!! [Parent][MessageChannel] Error: (msgtype=0x3A0144,name=PContent::Msg_AsyncMessage) Channel error: cannot send/recv


###!!! [Parent][MessageChannel] Error: (msgtype=0x3A0144,name=PContent::Msg_AsyncMessage) Channel error: cannot send/recv


###!!! [Parent][MessageChannel] Error: (msgtype=0x3A0144,name=PContent::Msg_AsyncMessage) Channel error: cannot send/recv


###!!! [Parent][MessageChannel] Error: (msgtype=0x3A0144,name=PContent::Msg_AsyncMessage) Channel error: cannot send/recv


###!!! [Parent][MessageChannel] Error: (msgtype=0x3A0144,name=PContent::Msg_AsyncMessage) Channel error: cannot send/recv


###!!! [Parent][MessageChannel] Error: (msgtype=0x3A0144,name=PContent::Msg_AsyncMessage) Channel error: cannot send/recv


###!!! [Parent][MessageChannel] Error: (msgtype=0x230052,name=PBrowser::Msg_FlushTabState) Channel error: cannot send/recv


###!!! [Parent][MessageChannel] Error: (msgtype=0x23009C,name=PBrowser::Msg_Destroy) Channel error: cannot send/recv


###!!! [Parent][MessageChannel] Error: (msgtype=0x3A0144,name=PContent::Msg_AsyncMessage) Channel error: cannot send/recv


###!!! [Parent][MessageChannel] Error: (msgtype=0x3A0144,name=PContent::Msg_AsyncMessage) Channel error: cannot send/recv


###!!! [Parent][MessageChannel] Error: (msgtype=0x3A0144,name=PContent::Msg_AsyncMessage) Channel error: cannot send/recv


###!!! [Parent][MessageChannel] Error: (msgtype=0x3A0144,name=PContent::Msg_AsyncMessage) Channel error: cannot send/recv


###!!! [Parent][MessageChannel] Error: (msgtype=0x3A0144,name=PContent::Msg_AsyncMessage) Channel error: cannot send/recv


###!!! [Parent][MessageChannel] Error: (msgtype=0x3A0144,name=PContent::Msg_AsyncMessage) Channel error: cannot send/recv


###!!! [Parent][MessageChannel] Error: (msgtype=0x3A0144,name=PContent::Msg_AsyncMessage) Channel error: cannot send/recv


###!!! [Parent][MessageChannel] Error: (msgtype=0x3A0144,name=PContent::Msg_AsyncMessage) Channel error: cannot send/recv


###!!! [Parent][MessageChannel] Error: (msgtype=0x3A0144,name=PContent::Msg_AsyncMessage) Channel error: cannot send/recv


###!!! [Parent][MessageChannel] Error: (msgtype=0x3A0144,name=PContent::Msg_AsyncMessage) Channel error: cannot send/recv


###!!! [Parent][MessageChannel] Error: (msgtype=0x3A0144,name=PContent::Msg_AsyncMessage) Channel error: cannot send/recv


###!!! [Parent][MessageChannel] Error: (msgtype=0x3A0144,name=PContent::Msg_AsyncMessage) Channel error: cannot send/recv


###!!! [Parent][MessageChannel] Error: (msgtype=0x3A0144,name=PContent::Msg_AsyncMessage) Channel error: cannot send/recv


###!!! [Parent][MessageChannel] Error: (msgtype=0x3A0144,name=PContent::Msg_AsyncMessage) Channel error: cannot send/recv


###!!! [Parent][MessageChannel] Error: (msgtype=0x3A0144,name=PContent::Msg_AsyncMessage) Channel error: cannot send/recv


###!!! [Parent][MessageChannel] Error: (msgtype=0x3A0144,name=PContent::Msg_AsyncMessage) Channel error: cannot send/recv


###!!! [Parent][MessageChannel] Error: (msgtype=0x3A0144,name=PContent::Msg_AsyncMessage) Channel error: cannot send/recv


###!!! [Parent][MessageChannel] Error: (msgtype=0x3A0144,name=PContent::Msg_AsyncMessage) Channel error: cannot send/recv


###!!! [Parent][MessageChannel] Error: (msgtype=0x3A0144,name=PContent::Msg_AsyncMessage) Channel error: cannot send/recv


###!!! [Parent][MessageChannel] Error: (msgtype=0x3A0144,name=PContent::Msg_AsyncMessage) Channel error: cannot send/recv


###!!! [Parent][MessageChannel] Error: (msgtype=0x3A0144,name=PContent::Msg_AsyncMessage) Channel error: cannot send/recv


###!!! [Parent][MessageChannel] Error: (msgtype=0x3A0144,name=PContent::Msg_AsyncMessage) Channel error: cannot send/recv


###!!! [Parent][MessageChannel] Error: (msgtype=0x3A0144,name=PContent::Msg_AsyncMessage) Channel error: cannot send/recv


###!!! [Parent][MessageChannel] Error: (msgtype=0x3A0144,name=PContent::Msg_AsyncMessage) Channel error: cannot send/recv


###!!! [Parent][MessageChannel] Error: (msgtype=0x3A0144,name=PContent::Msg_AsyncMessage) Channel error: cannot send/recv


###!!! [Parent][MessageChannel] Error: (msgtype=0x3A0144,name=PContent::Msg_AsyncMessage) Channel error: cannot send/recv


###!!! [Parent][MessageChannel] Error: (msgtype=0x3A0039,name=PContent::Msg_UpdateSharedData) Channel error: cannot send/recv


###!!! [Parent][MessageChannel] Error: (msgtype=0x3A0039,name=PContent::Msg_UpdateSharedData) Channel error: cannot send/recv


###!!! [Parent][MessageChannel] Error: (msgtype=0x3A0039,name=PContent::Msg_UpdateSharedData) Channel error: cannot send/recv

JavaScript error: resource:///modules/sessionstore/SessionStore.jsm, line 2161: Type1616910614511	geckodriver	INFO	Listening on 127.0.0.1:64831
1616910617556	mozrunner::runner	INFO	Running command: "C:\\Program Files\\Mozilla Firefox\\firefox.exe" "--marionette" "-foreground" "-no-remote" "-profile" "D:\\我的文档\\环境变量\\TMP\\rust_mozprofileAiC1vD"
1616910618825	Marionette	INFO	Marionette enabled
JavaScript error: resource://gre/modules/XULStore.jsm, line 66: Error: Can't find profile directory.
console.warn: SearchSettings: "get: No settings file exists, new profile?" (new Error("", "(unknown module)"))
1616910622106	Marionette	INFO	Listening on port 64839
1616910622580	Marionette	WARN	TLS certificate errors will be ignored for this session
JavaScript error: http://101.133.169.100/yuns/index.php, line 839: ReferenceError: SetRemainTime is not defined
JavaScript error: http://101.133.169.100/yuns/index.php, line 839: ReferenceError: SetRemainTime is not defined
1616910663316	Marionette	INFO	Stopped listening on port 64839

###!!! [Child][RunMessage] Error: Channel closing: too late to send/recv, messages will be lost

1616910664726	geckodriver	INFO	Listening on 127.0.0.1:64924
1616910667781	mozrunner::runner	INFO	Running command: "C:\\Program Files\\Mozilla Firefox\\firefox.exe" "--marionette" "-foreground" "-no-remote" "-profile" "D:\\我的文档\\环境变量\\TMP\\rust_mozprofileSkxC3b"
1616910669016	Marionette	INFO	Marionette enabled
JavaScript error: resource://gre/modules/XULStore.jsm, line 66: Error: Can't find profile directory.
console.warn: SearchSettings: "get: No settings file exists, new profile?" (new Error("", "(unknown module)"))
1616910672141	Marionette	INFO	Listening on port 64932
1616910672214	Marionette	WARN	TLS certificate errors will be ignored for this session
[Parent 12072, IPC I/O Parent] WARNING: pipe error: 232: file /builds/worker/checkouts/gecko/ipc/chromium/src/chrome/common/ipc_channel_win.cc:544
A content process crashed and MOZ_CRASHREPORTER_SHUTDOWN is set, shutting down

###!!! [Parent][MessageChannel] Error: (msgtype=0x230052,name=PBrowser::Msg_FlushTabState) Channel error: cannot send/recv


###!!! [Parent][MessageChannel] Error: (msgtype=0x230001,name=PBrowser::Msg_AsyncMessage) Channel error: cannot send/recv


###!!! [Parent][MessageChannel] Error: (msgtype=0x3A0144,name=PContent::Msg_AsyncMessage) Channel error: cannot send/recv


###!!! [Parent][MessageChannel] Error: (msgtype=0x3A0144,name=PContent::Msg_AsyncMessage) Channel error: cannot send/recv


###!!! [Parent][MessageChannel] Error: (msgtype=0x3A0144,name=PContent::Msg_AsyncMessage) Channel error: cannot send/recv


###!!! [Parent][MessageChannel] Error: (msgtype=0x3A0144,name=PContent::Msg_AsyncMessage) Channel error: cannot send/recv


###!!! [Parent][MessageChannel] Error: (msgtype=0x3A0144,name=PContent::Msg_AsyncMessage) Channel error: cannot send/recv


###!!! [Parent][MessageChannel] Error: (msgtype=0x3A0144,name=PContent::Msg_AsyncMessage) Channel error: cannot send/recv


###!!! [Parent][MessageChannel] Error: (msgtype=0x3A0144,name=PContent::Msg_AsyncMessage) Channel error: cannot send/recv


###!!! [Parent][MessageChannel] Error: (msgtype=0x3A0144,name=PContent::Msg_AsyncMessage) Channel error: cannot send/recv


###!!! [Parent][MessageChannel] Error: (msgtype=0x3A001E,name=PContent::Msg_RegisterChromeItem) Channel error: cannot send/recv


###!!! [Parent][MessageChannel] Error: (msgtype=0x3A001E,name=PContent::Msg_RegisterChromeItem) Channel error: cannot send/recv


###!!! [Parent][MessageChannel] Error: (msgtype=0x230052,name=PBrowser::Msg_FlushTabState) Channel error: cannot send/recv


###!!! [Parent][MessageChannel] Error: (msgtype=0x23009C,name=PBrowser::Msg_Destroy) Channel error: cannot send/recv


###!!! [Parent][MessageChannel] Error: (msgtype=0x3A0144,name=PContent::Msg_AsyncMessage) Channel error: cannot send/recv


###!!! [Parent][MessageChannel] Error: (msgtype=0x3A0144,name=PContent::Msg_AsyncMessage) Channel error: cannot send/recv


###!!! [Parent][MessageChannel] Error: (msgtype=0x3A0144,name=PContent::Msg_AsyncMessage) Channel error: cannot send/recv


###!!! [Parent][MessageChannel] Error: (msgtype=0x3A0144,name=PContent::Msg_AsyncMessage) Channel error: cannot send/recv


###!!! [Parent][MessageChannel] Error: (msgtype=0x230052,name=PBrowser::Msg_FlushTabState) Channel error: cannot send/recv


###!!! [Parent][MessageChannel] Error: (msgtype=0x23009C,name=PBrowser::Msg_Destroy) Channel error: cannot send/recv


###!!! [Parent][MessageChannel] Error: (msgtype=0x3A0144,name=PContent::Msg_AsyncMessage) Channel error: cannot send/recv


###!!! [Parent][MessageChannel] Error: (msgtype=0x3A0144,name=PContent::Msg_AsyncMessage) Channel error: cannot send/recv


###!!! [Parent][MessageChannel] Error: (msgtype=0x3A0144,name=PContent::Msg_AsyncMessage) Channel error: cannot send/recv


###!!! [Parent][MessageChannel] Error: (msgtype=0x3A0144,name=PContent::Msg_AsyncMessage) Channel error: cannot send/recv


###!!! [Parent][MessageChannel] Error: (msgtype=0x230052,name=PBrowser::Msg_FlushTabState) Channel error: cannot send/recv


###!!! [Parent][MessageChannel] Error: (msgtype=0x23009C,name=PBrowser::Msg_Destroy) Channel error: cannot send/recv


###!!! [Parent][MessageChannel] Error: (msgtype=0x3A0144,name=PContent::Msg_AsyncMessage) Channel error: cannot send/recv


###!!! [Parent][MessageChannel] Error: (msgtype=0x3A0144,name=PContent::Msg_AsyncMessage) Channel error: cannot send/recv


###!!! [Parent][MessageChannel] Error: (msgtype=0x3A0144,name=PContent::Msg_AsyncMessage) Channel error: cannot send/recv


###!!! [Parent][MessageChannel] Error: (msgtype=0x3A0144,name=PContent::Msg_AsyncMessage) Channel error: cannot send/recv


###!!! [Parent][MessageChannel] Error: (msgtype=0x230052,name=PBrowser::Msg_FlushTabState) Channel error: cannot send/recv


###!!! [Parent][MessageChannel] Error: (msgtype=0x23009C,name=PBrowser::Msg_Destroy) Channel error: cannot send/recv


###!!! [Parent][MessageChannel] Error: (msgtype=0x3A0144,name=PContent::Msg_AsyncMessage) Channel error: cannot send/recv


###!!! [Parent][MessageChannel] Error: (msgtype=0x3A0144,name=PContent::Msg_AsyncMessage) Channel error: cannot send/recv


###!!! [Parent][MessageChannel] Error: (msgtype=0x3A0144,name=PContent::Msg_AsyncMessage) Channel error: cannot send/recv


###!!! [Parent][MessageChannel] Error: (msgtype=0x3A0144,name=PContent::Msg_AsyncMessage) Channel error: cannot send/recv


###!!! [Parent][MessageChannel] Error: (msgtype=0x3A0144,name=PContent::Msg_AsyncMessage) Channel error: cannot send/recv


###!!! [Parent][MessageChannel] Error: (msgtype=0x3A0144,name=PContent::Msg_AsyncMessage) Channel error: cannot send/recv


###!!! [Parent][MessageChannel] Error: (msgtype=0x3A0144,name=PContent::Msg_AsyncMessage) Channel error: cannot send/recv


###!!! [Parent][MessageChannel] Error: (msgtype=0x3A0144,name=PContent::Msg_AsyncMessage) Channel error: cannot send/recv


###!!! [Parent][MessageChannel] Error: (msgtype=0x230052,name=PBrowser::Msg_FlushTabState) Channel error: cannot send/recv


###!!! [Parent][MessageChannel] Error: (msgtype=0x23009C,name=PBrowser::Msg_Destroy) Channel error: cannot send/recv


###!!! [Parent][MessageChannel] Error: (msgtype=0x3A0144,name=PContent::Msg_AsyncMessage) Channel error: cannot send/recv


###!!! [Parent][MessageChannel] Error: (msgtype=0x3A0144,name=PContent::Msg_AsyncMessage) Channel error: cannot send/recv


###!!! [Parent][MessageChannel] Error: (msgtype=0x3A0144,name=PContent::Msg_AsyncMessage) Channel error: cannot send/recv


###!!! [Parent][MessageChannel] Error: (msgtype=0x3A0144,name=PContent::Msg_AsyncMessage) Channel error: cannot send/recv


###!!! [Parent][MessageChannel] Error: (msgtype=0x3A0144,name=PContent::Msg_AsyncMessage) Channel error: cannot send/recv


###!!! [Parent][MessageChannel] Error: (msgtype=0x3A0144,name=PContent::Msg_AsyncMessage) Channel error: cannot send/recv


###!!! [Parent][MessageChannel] Error: (msgtype=0x3A0144,name=PContent::Msg_AsyncMessage) Channel error: cannot send/recv


###!!! [Parent][MessageChannel] Error: (msgtype=0x3A0144,name=PContent::Msg_AsyncMessage) Channel error: cannot send/recv


###!!! [Parent][MessageChannel] Error: (msgtype=0x3A0144,name=PContent::Msg_AsyncMessage) Channel error: cannot send/recv


###!!! [Parent][MessageChannel] Error: (msgtype=0x3A0144,name=PContent::Msg_AsyncMessage) Channel error: cannot send/recv


###!!! [Parent][MessageChannel] Error: (msgtype=0x3A0144,name=PContent::Msg_AsyncMessage) Channel error: cannot send/recv


###!!! [Parent][MessageChannel] Error: (msgtype=0x3A0144,name=PContent::Msg_AsyncMessage) Channel error: cannot send/recv


###!!! [Parent][MessageChannel] Error: (msgtype=0x3A0144,name=PContent::Msg_AsyncMessage) Channel error: cannot send/recv


###!!! [Parent][MessageChannel] Error: (msgtype=0x3A0144,name=PContent::Msg_AsyncMessage) Channel error: cannot send/recv


###!!! [Parent][MessageChannel] Error: (msgtype=0x3A0144,name=PContent::Msg_AsyncMessage) Channel error: cannot send/recv


###!!! [Parent][MessageChannel] Error: (msgtype=0x3A0144,name=PContent::Msg_AsyncMessage) Channel error: cannot send/recv


###!!! [Parent][MessageChannel] Error: (msgtype=0x3A0144,name=PContent::Msg_AsyncMessage) Channel error: cannot send/recv


###!!! [Parent][MessageChannel] Error: (msgtype=0x3A0144,name=PContent::Msg_AsyncMessage) Channel error: cannot send/recv


###!!! [Parent][MessageChannel] Error: (msgtype=0x3A0144,name=PContent::Msg_AsyncMessage) Channel error: cannot send/recv


###!!! [Parent][MessageChannel] Error: (msgtype=0x3A0144,name=PContent::Msg_AsyncMessage) Channel error: cannot send/recv


###!!! [Parent][MessageChannel] Error: (msgtype=0x3A0144,name=PContent::Msg_AsyncMessage) Channel error: cannot send/recv


###!!! [Parent][MessageChannel] Error: (msgtype=0x3A0144,name=PContent::Msg_AsyncMessage) Channel error: cannot send/recv


###!!! [Parent][MessageChannel] Error: (msgtype=0x3A0144,name=PContent::Msg_AsyncMessage) Channel error: cannot send/recv


###!!! [Parent][MessageChannel] Error: (msgtype=0x3A0144,name=PContent::Msg_AsyncMessage) Channel error: cannot send/recv


###!!! [Parent][MessageChannel] Error: (msgtype=0x3A0144,name=PContent::Msg_AsyncMessage) Channel error: cannot send/recv


###!!! [Parent][MessageChannel] Error: (msgtype=0x3A0144,name=PContent::Msg_AsyncMessage) Channel error: cannot send/recv

JavaScript error: resource:///modules/sessionstore/SessionStore.jsm, line 2161: TypeError: subject.QueryInterface is not a function
1616910884123	geckodriver	INFO	Listening on 127.0.0.1:65019
1616910887163	mozrunner::runner	INFO	Running command: "C:\\Program Files\\Mozilla Firefox\\firefox.exe" "--marionette" "-foreground" "-no-remote" "-profile" "D:\\我的文档\\环境变量\\TMP\\rust_mozprofileLBLidB"
1616910888377	Marionette	INFO	Marionette enabled
JavaScript error: resource://gre/modules/XULStore.jsm, line 66: Error: Can't find profile directory.
console.warn: SearchSettings: "get: No settings file exists, new profile?" (new Error("", "(unknown module)"))
1616910891695	Marionette	INFO	Listening on port 65027
1616910892165	Marionette	WARN	TLS certificate errors will be ignored for this session
JavaScript error: http://101.133.169.100/yuns/index.php, line 839: ReferenceError: SetRemainTime is not defined
JavaScript error: http://101.133.169.100/yuns/index.php, line 839: ReferenceError: SetRemainTime is not defined
1616910906779	Marionette	INFO	Stopped listening on port 65027
[Parent 9628, IPC I/O Parent] WARNING: file /builds/worker/checkouts/gecko/ipc/chromium/src/base/process_util_win.cc:167

###!!! [Child][RunMessage] Error: Channel closing: too late to send/recv, messages will be lost

1616910910282	geckodriver	INFO	Listening on 127.0.0.1:65103
1616910913336	mozrunner::runner	INFO	Running command: "C:\\Program Files\\Mozilla Firefox\\firefox.exe" "--marionette" "-foreground" "-no-remote" "-profile" "D:\\我的文档\\环境变量\\TMP\\rust_mozprofileaE1NYT"
1616910914518	Marionette	INFO	Marionette enabled
JavaScript error: resource://gre/modules/XULStore.jsm, line 66: Error: Can't find profile directory.
console.warn: SearchSettings: "get: No settings file exists, new profile?" (new Error("", "(unknown module)"))
1616910917851	Marionette	INFO	Listening on port 65111
1616910918358	Marionette	WARN	TLS certificate errors will be ignored for this session
JavaScript error: http://101.133.169.100/yuns/index.php, line 839: ReferenceError: SetRemainTime is not defined
JavaScript error: http://101.133.169.100/yuns/index.php, line 839: ReferenceError: SetRemainTime is not defined
1616910934930	Marionette	INFO	Stopped listening on port 65111

###!!! [Child][RunMessage] Error: Channel closing: too late to send/recv, messages will be lost

1616910936323	geckodriver	INFO	Listening on 127.0.0.1:65190
1616910939372	mozrunner::runner	INFO	Running command: "C:\\Program Files\\Mozilla Firefox\\firefox.exe" "--marionette" "-foreground" "-no-remote" "-profile" "D:\\我的文档\\环境变量\\TMP\\rust_mozprofilebunRKw"
1616910940590	Marionette	INFO	Marionette enabled
JavaScript error: resource://gre/modules/XULStore.jsm, line 66: Error: Can't find profile directory.
console.warn: SearchSettings: "get: No settings file exists, new profile?" (new Error("", "(unknown module)"))
1616910943959	Marionette	INFO	Listening on port 65198
1616910944496	Marionette	WARN	TLS certificate errors will be ignored for this session
JavaScript error: http://101.133.169.100/yuns/index.php, line 839: ReferenceError: SetRemainTime is not defined
A content process crashed and MOZ_CRASHREPORTER_SHUTDOWN is set, shutting down

###!!! [Parent][MessageChannel] Error: (msgtype=0x3A0144,name=PContent::Msg_AsyncMessage) Channel error: cannot send/recv


###!!! [Parent][MessageChannel] Error: (msgtype=0x3A0144,name=PContent::Msg_AsyncMessage) Channel error: cannot send/recv


###!!! [Parent][MessageChannel] Error: (msgtype=0x3A0144,name=PContent::Msg_AsyncMessage) Channel error: cannot send/recv


###!!! [Parent][MessageChannel] Error: (msgtype=0x3A0144,name=PContent::Msg_AsyncMessage) Channel error: cannot send/recv


###!!! [Parent][MessageChannel] Error: (msgtype=0x3A001E,name=PContent::Msg_RegisterChromeItem) Channel error: cannot send/recv


###!!! [Parent][MessageChannel] Error: (msgtype=0x230052,name=PBrowser::Msg_FlushTabState) Channel error: cannot send/recv


###!!! [Parent][MessageChannel] Error: (msgtype=0x23009C,name=PBrowser::Msg_Destroy) Channel error: cannot send/recv

1616911002282	geckodriver	INFO	Listening on 127.0.0.1:65255
1616911005337	mozrunner::runner	INFO	Running command: "C:\\Program Files\\Mozilla Firefox\\firefox.exe" "--marionette" "-foreground" "-no-remote" "-profile" "D:\\我的文档\\环境变量\\TMP\\rust_mozprofile2TRYAi"
1616911006558	Marionette	INFO	Marionette enabled
JavaScript error: resource://gre/modules/XULStore.jsm, line 66: Error: Can't find profile directory.
console.warn: SearchSettings: "get: No settings file exists, new profile?" (new Error("", "(unknown module)"))
1616911010108	Marionette	INFO	Listening on port 65263
1616911010419	Marionette	WARN	TLS certificate errors will be ignored for this session
JavaScript error: http://101.133.169.100/yuns/index.php, line 839: ReferenceError: SetRemainTime is not defined
1616911026341	Marionette	INFO	Stopped listening on port 65263

###!!! [Child][RunMessage] Error: Channel closing: too late to send/recv, messages will be lost


###!!! [Child][RunMessage] Error: Channel closing: too late to send/recv, messages will be lost

1616911146726	geckodriver	INFO	Listening on 127.0.0.1:65365
1616911149757	mozrunner::runner	INFO	Running command: "C:\\Program Files\\Mozilla Firefox\\firefox.exe" "--marionette" "-foreground" "-no-remote" "-profile" "D:\\我的文档\\环境变量\\TMP\\rust_mozprofilez8RDy3"
1616911151147	Marionette	INFO	Marionette enabled
JavaScript error: resource://gre/modules/XULStore.jsm, line 66: Error: Can't find profile directory.
console.warn: SearchSettings: "get: No settings file exists, new profile?" (new Error("", "(unknown module)"))
1616911154532	Marionette	INFO	Listening on port 65373
1616911154755	Marionette	WARN	TLS certificate errors will be ignored for this session
JavaScript error: http://101.133.169.100/yuns/index.php, line 839: ReferenceError: SetRemainTime is not defined
JavaScript error: http://101.133.169.100/yuns/index.php, line 839: ReferenceError: SetRemainTime is not defined
1616911172370	Marionette	INFO	Stopped listening on port 65373

###!!! [Child][RunMessage] Error: Channel closing: too late to send/recv, messages will be lost


###!!! [Child][RunMessage] Error: Channel closing: too late to send/recv, messages will be lost

